2024-10-23 17:58:43.296814000 | log_config.py: 134 | INFO | _configure_logging | Logging configured successfully.
2024-10-23 17:58:43.299432000 | my_redis.py: 304 | INFO | Redis підключено
2024-10-23 17:58:43.300471000 | my_redis.py: 306 | INFO | Токен сесії успішно збережено: cf0421b3-ab5f-4deb-863a-9f1d8f140429, User ID: ayu
2024-10-23 17:58:43.300994000 | my_redis.py: 306 | INFO | Сесію збережено
2024-10-23 17:58:43.301506000 | my_redis.py: 307 | INFO | Токен сесії успішно збережено: 07e27e7b-9329-4a26-8ec9-95551c1f36b6, User ID: viki
2024-10-23 17:58:43.302028000 | my_redis.py: 307 | INFO | Сесію збережено
2024-10-23 17:58:43.302550000 | my_redis.py: 310 | INFO | Час активності оновлено
2024-10-23 17:58:43.303596000 | my_redis.py: 244 | INFO | update_last_activity | Оновлена інформація про сесію: User ID - ayu, Токен сесії - cf0421b3-ab5f-4deb-863a-9f1d8f140429, Час входу - 2024-10-23 17:58:43
2024-10-23 17:58:43.303596000 | my_redis.py: 311 | INFO | Час активності оновлено
2024-10-23 17:58:43.304114000 | my_redis.py: 244 | INFO | update_last_activity | Оновлена інформація про сесію: User ID - viki, Токен сесії - 07e27e7b-9329-4a26-8ec9-95551c1f36b6, Час входу - 2024-10-23 17:58:43
2024-10-23 17:58:43.304645000 | my_redis.py: 314 | INFO | Сесію для користувача ayu видалено
2024-10-23 17:58:43.305168000 | my_redis.py: 314 | INFO | Токен сесії успішно видалено
2024-10-23 17:58:43.305692000 | my_redis.py: 315 | INFO | Сесію для користувача viki видалено
2024-10-23 17:58:43.305692000 | my_redis.py: 315 | INFO | Токен сесії успішно видалено
2024-10-23 17:58:43.306736000 | my_redis.py: 321 | INFO | Дані успішно експортовані в redis_data.json
2024-10-23 17:58:43.306736000 | my_redis.py: 304 | INFO | Redis відключено
2024-10-23 19:05:28.231422000 | log_config.py: 134 | INFO | _configure_logging | Logging configured successfully.
2024-10-23 19:05:28.235932000 | my_redis.py: 304 | INFO | Redis підключено
2024-10-23 19:05:28.236933000 | my_redis.py: 306 | INFO | Токен сесії успішно збережено: d8a5f1ec-a443-481e-95cf-54c9ac3bf44d, User ID: ayu
2024-10-23 19:05:28.237937000 | my_redis.py: 306 | INFO | Сесію збережено
2024-10-23 19:05:28.237937000 | my_redis.py: 307 | INFO | Токен сесії успішно збережено: f8753f10-2c8b-4d90-8cac-dd674ae7bcdf, User ID: viki
2024-10-23 19:05:28.238937000 | my_redis.py: 307 | INFO | Сесію збережено
2024-10-23 19:05:28.238937000 | my_redis.py: 310 | INFO | Час активності оновлено
2024-10-23 19:05:28.239937000 | my_redis.py: 244 | INFO | update_last_activity | Оновлена інформація про сесію: User ID - ayu, Токен сесії - d8a5f1ec-a443-481e-95cf-54c9ac3bf44d, Час входу - 2024-10-23 19:05:28
2024-10-23 19:05:28.239937000 | my_redis.py: 311 | INFO | Час активності оновлено
2024-10-23 19:05:28.240937000 | my_redis.py: 244 | INFO | update_last_activity | Оновлена інформація про сесію: User ID - viki, Токен сесії - f8753f10-2c8b-4d90-8cac-dd674ae7bcdf, Час входу - 2024-10-23 19:05:28
2024-10-23 19:05:28.240937000 | my_redis.py: 314 | INFO | Сесію для користувача ayu видалено
2024-10-23 19:05:28.241937000 | my_redis.py: 314 | INFO | Токен сесії успішно видалено
2024-10-23 19:05:28.241937000 | my_redis.py: 315 | INFO | Сесію для користувача viki видалено
2024-10-23 19:05:28.241937000 | my_redis.py: 315 | INFO | Токен сесії успішно видалено
2024-10-23 19:05:28.243623000 | my_redis.py: 321 | INFO | Дані успішно експортовані в redis_data.json
2024-10-23 19:05:28.243623000 | my_redis.py: 304 | INFO | Redis відключено
